  [1m[35m (0.7ms)[0m  [1m[35mCREATE TABLE "schema_migrations" ("version" varchar NOT NULL PRIMARY KEY)[0m
  [1m[35m (0.5ms)[0m  [1m[35mCREATE TABLE "ar_internal_metadata" ("key" varchar NOT NULL PRIMARY KEY, "value" varchar, "created_at" datetime(6) NOT NULL, "updated_at" datetime(6) NOT NULL)[0m
  [1m[36mActiveRecord::SchemaMigration Pluck (0.1ms)[0m  [1m[34mSELECT "schema_migrations"."version" FROM "schema_migrations" ORDER BY "schema_migrations"."version" ASC[0m
Migrating to CreateMovies (20230925014759)
  [1m[36mTRANSACTION (0.0ms)[0m  [1m[36mbegin transaction[0m
  [1m[35m (0.2ms)[0m  [1m[35mCREATE TABLE "movies" ("id" integer PRIMARY KEY AUTOINCREMENT NOT NULL, "title" varchar, "rating" varchar, "description" text, "release_date" datetime(6), "created_at" datetime(6) NOT NULL, "updated_at" datetime(6) NOT NULL)[0m
  [1m[36mActiveRecord::SchemaMigration Create (0.1ms)[0m  [1m[32mINSERT INTO "schema_migrations" ("version") VALUES (?)[0m  [["version", "20230925014759"]]
  [1m[36mTRANSACTION (0.4ms)[0m  [1m[36mcommit transaction[0m
  [1m[36mActiveRecord::InternalMetadata Load (0.1ms)[0m  [1m[34mSELECT "ar_internal_metadata".* FROM "ar_internal_metadata" WHERE "ar_internal_metadata"."key" = ? LIMIT ?[0m  [["key", "environment"], ["LIMIT", 1]]
  [1m[36mTRANSACTION (0.0ms)[0m  [1m[36mbegin transaction[0m
  [1m[36mActiveRecord::InternalMetadata Create (0.2ms)[0m  [1m[32mINSERT INTO "ar_internal_metadata" ("key", "value", "created_at", "updated_at") VALUES (?, ?, ?, ?)[0m  [["key", "environment"], ["value", "development"], ["created_at", "2023-09-25 01:48:58.709556"], ["updated_at", "2023-09-25 01:48:58.709556"]]
  [1m[36mTRANSACTION (0.3ms)[0m  [1m[36mcommit transaction[0m
  [1m[36mActiveRecord::SchemaMigration Pluck (0.0ms)[0m  [1m[34mSELECT "schema_migrations"."version" FROM "schema_migrations" ORDER BY "schema_migrations"."version" ASC[0m
  [1m[36mActiveRecord::SchemaMigration Pluck (0.1ms)[0m  [1m[34mSELECT "schema_migrations"."version" FROM "schema_migrations" ORDER BY "schema_migrations"."version" ASC[0m
  [1m[36mActiveRecord::InternalMetadata Load (0.1ms)[0m  [1m[34mSELECT "ar_internal_metadata".* FROM "ar_internal_metadata" WHERE "ar_internal_metadata"."key" = ? LIMIT ?[0m  [["key", "environment"], ["LIMIT", 1]]
  [1m[36mActiveRecord::SchemaMigration Pluck (0.0ms)[0m  [1m[34mSELECT "schema_migrations"."version" FROM "schema_migrations" ORDER BY "schema_migrations"."version" ASC[0m
  [1m[36mActiveRecord::SchemaMigration Pluck (0.1ms)[0m  [1m[34mSELECT "schema_migrations"."version" FROM "schema_migrations" ORDER BY "schema_migrations"."version" ASC[0m
  [1m[36mTRANSACTION (0.0ms)[0m  [1m[36mbegin transaction[0m
  [1m[36mMovie Create (0.5ms)[0m  [1m[32mINSERT INTO "movies" ("title", "rating", "description", "release_date", "created_at", "updated_at") VALUES (?, ?, ?, ?, ?, ?)[0m  [["title", "My Neighbor Totoro"], ["rating", "G"], ["description", nil], ["release_date", "1988-04-16 00:00:00"], ["created_at", "2023-09-25 01:55:04.789131"], ["updated_at", "2023-09-25 01:55:04.789131"]]
  [1m[36mTRANSACTION (0.3ms)[0m  [1m[36mcommit transaction[0m
  [1m[36mTRANSACTION (0.0ms)[0m  [1m[36mbegin transaction[0m
  [1m[36mMovie Create (0.2ms)[0m  [1m[32mINSERT INTO "movies" ("title", "rating", "description", "release_date", "created_at", "updated_at") VALUES (?, ?, ?, ?, ?, ?)[0m  [["title", "Green Book"], ["rating", "PG-13"], ["description", nil], ["release_date", "2018-11-16 00:00:00"], ["created_at", "2023-09-25 01:55:04.792267"], ["updated_at", "2023-09-25 01:55:04.792267"]]
  [1m[36mTRANSACTION (0.3ms)[0m  [1m[36mcommit transaction[0m
  [1m[36mTRANSACTION (0.0ms)[0m  [1m[36mbegin transaction[0m
  [1m[36mMovie Create (0.2ms)[0m  [1m[32mINSERT INTO "movies" ("title", "rating", "description", "release_date", "created_at", "updated_at") VALUES (?, ?, ?, ?, ?, ?)[0m  [["title", "Parasite"], ["rating", "R"], ["description", nil], ["release_date", "2019-05-30 00:00:00"], ["created_at", "2023-09-25 01:55:04.794100"], ["updated_at", "2023-09-25 01:55:04.794100"]]
  [1m[36mTRANSACTION (0.3ms)[0m  [1m[36mcommit transaction[0m
  [1m[36mTRANSACTION (0.0ms)[0m  [1m[36mbegin transaction[0m
  [1m[36mMovie Create (0.1ms)[0m  [1m[32mINSERT INTO "movies" ("title", "rating", "description", "release_date", "created_at", "updated_at") VALUES (?, ?, ?, ?, ?, ?)[0m  [["title", "Nomadland"], ["rating", "R"], ["description", nil], ["release_date", "2021-02-19 00:00:00"], ["created_at", "2023-09-25 01:55:04.795942"], ["updated_at", "2023-09-25 01:55:04.795942"]]
  [1m[36mTRANSACTION (0.3ms)[0m  [1m[36mcommit transaction[0m
  [1m[36mTRANSACTION (0.0ms)[0m  [1m[36mbegin transaction[0m
  [1m[36mMovie Create (0.1ms)[0m  [1m[32mINSERT INTO "movies" ("title", "rating", "description", "release_date", "created_at", "updated_at") VALUES (?, ?, ?, ?, ?, ?)[0m  [["title", "CODA"], ["rating", "PG-13"], ["description", nil], ["release_date", "2021-08-13 00:00:00"], ["created_at", "2023-09-25 01:55:04.797553"], ["updated_at", "2023-09-25 01:55:04.797553"]]
  [1m[36mTRANSACTION (0.3ms)[0m  [1m[36mcommit transaction[0m
Started GET "/movies" for ::1 at 2023-09-24 20:58:09 -0500
  [1m[36mActiveRecord::SchemaMigration Pluck (0.1ms)[0m  [1m[34mSELECT "schema_migrations"."version" FROM "schema_migrations" ORDER BY "schema_migrations"."version" ASC[0m
  
ActionController::RoutingError (No route matches [GET] "/movies"):
  
Started GET "/" for ::1 at 2023-09-24 20:58:20 -0500
Processing by Rails::WelcomeController#index as HTML
  Rendering /opt/homebrew/lib/ruby/gems/3.2.0/gems/railties-7.0.8/lib/rails/templates/rails/welcome/index.html.erb
  Rendered /opt/homebrew/lib/ruby/gems/3.2.0/gems/railties-7.0.8/lib/rails/templates/rails/welcome/index.html.erb (Duration: 1.1ms | Allocations: 281)
Completed 200 OK in 13ms (Views: 1.9ms | ActiveRecord: 0.0ms | Allocations: 2819)


Started GET "/movies" for ::1 at 2023-09-24 21:15:40 -0500
  [1m[36mActiveRecord::SchemaMigration Pluck (0.1ms)[0m  [1m[34mSELECT "schema_migrations"."version" FROM "schema_migrations" ORDER BY "schema_migrations"."version" ASC[0m
Processing by MoviesController#index as HTML
  Rendering layout layouts/application.html.erb
  Rendering movies/index.html.erb within layouts/application
  [1m[36mMovie Load (0.3ms)[0m  [1m[34mSELECT "movies".* FROM "movies"[0m
  ↳ app/views/movies/index.html.erb:6
  Rendered movies/_movie.html.erb (Duration: 0.5ms | Allocations: 397)
  Rendered movies/_movie.html.erb (Duration: 0.1ms | Allocations: 39)
  Rendered movies/_movie.html.erb (Duration: 0.0ms | Allocations: 39)
  Rendered movies/_movie.html.erb (Duration: 0.0ms | Allocations: 39)
  Rendered movies/_movie.html.erb (Duration: 0.0ms | Allocations: 39)
  Rendered movies/index.html.erb within layouts/application (Duration: 10.6ms | Allocations: 8239)
  Rendered layout layouts/application.html.erb (Duration: 522.1ms | Allocations: 97736)
Completed 200 OK in 530ms (Views: 523.3ms | ActiveRecord: 0.5ms | Allocations: 102105)


